<?xml version="1.0" encoding="UTF-8"?>
<!-- Generated by org.testng.reporters.JUnitReportReporter -->
<testsuite skipped="0" hostname="LAPTOP-JEI8AS0O" name="testcases.RegressionTest" tests="3" failures="0" timestamp="26 May 2019 19:02:37 GMT" time="0.009" errors="0">
  <testcase name="functionThree" time="0.006" classname="testcases.RegressionTest"/>
  <testcase name="functionOne" time="0.002" classname="testcases.RegressionTest"/>
  <testcase name="functionTwo" time="0.001" classname="testcases.RegressionTest"/>
</testsuite> <!-- testcases.RegressionTest -->
